{
  "RSpec": {
    "coverage": {
      "/Users/USMAC/Desktop/projects/week_10/bank/spec/account_spec.rb": [
        1,
        null,
        1,
        5,
        5,
        null,
        1,
        4,
        5,
        null,
        null,
        1,
        1,
        null,
        null,
        1,
        1,
        1,
        0,
        null,
        null,
        1,
        1,
        0,
        0,
        0,
        null,
        null,
        1,
        1,
        null,
        null,
        null
      ],
      "/Users/USMAC/Desktop/projects/week_10/bank/lib/account.rb": [
        1,
        null,
        1,
        null,
        1,
        4,
        4,
        4,
        4,
        null,
        null,
        1,
        2,
        2,
        null,
        null,
        1,
        0,
        0,
        null,
        null,
        1,
        1,
        null,
        null
      ],
      "/Users/USMAC/Desktop/projects/week_10/bank/spec/statement_spec.rb": [
        1,
        null,
        1,
        4,
        4,
        4,
        null,
        1,
        3,
        3,
        null,
        null,
        1,
        1,
        null,
        null,
        1,
        1,
        0,
        null,
        null,
        1,
        1,
        0,
        null,
        null,
        null
      ],
      "/Users/USMAC/Desktop/projects/week_10/bank/lib/statement.rb": [
        1,
        null,
        1,
        null,
        1,
        3,
        null,
        null,
        null,
        null,
        1,
        0,
        null,
        null,
        1,
        1,
        null,
        null,
        1,
        0,
        0,
        null,
        null,
        null,
        1,
        1,
        0,
        null,
        null,
        1,
        0,
        0,
        null,
        null,
        null,
        null,
        1,
        1,
        0,
        null,
        null,
        1,
        1,
        null,
        null
      ],
      "/Users/USMAC/Desktop/projects/week_10/bank/spec/transaction_spec.rb": [
        1,
        null,
        1,
        null,
        2,
        null,
        1,
        1,
        null,
        null,
        null,
        null,
        1,
        null,
        2,
        null,
        1,
        1,
        null,
        null
      ],
      "/Users/USMAC/Desktop/projects/week_10/bank/lib/transaction.rb": [
        1,
        null,
        null,
        1,
        1,
        1,
        3,
        3,
        3,
        null,
        null,
        null,
        null,
        null,
        1,
        1,
        1,
        1,
        1,
        1,
        null,
        null,
        null
      ]
    },
    "timestamp": 1507198603
  }
}
